<?xml version="1.0" encoding="UTF-8"?>
<testsuite name="com.example.demo.DemoApplicationTests" tests="1" skipped="0" failures="0" errors="0" timestamp="2024-02-26T14:33:51" hostname="Rishis-MacBook-Air.local" time="0.727">
  <properties/>
  <testcase name="contextLoads()" classname="com.example.demo.DemoApplicationTests" time="0.727"/>
  <system-out><![CDATA[20:03:50.307 [Test worker] INFO org.springframework.test.context.support.AnnotationConfigContextLoaderUtils -- Could not detect default configuration classes for test class [com.example.demo.DemoApplicationTests]: DemoApplicationTests does not declare any static, non-private, non-final, nested classes annotated with @Configuration.
20:03:50.389 [Test worker] INFO org.springframework.boot.test.context.SpringBootTestContextBootstrapper -- Found @SpringBootConfiguration com.example.demo.DemoApplication for test class com.example.demo.DemoApplicationTests

  .   ____          _            __ _ _
 /\\ / ___'_ __ _ _(_)_ __  __ _ \ \ \ \
( ( )\___ | '_ | '_| | '_ \/ _` | \ \ \ \
 \\/  ___)| |_)| | | | | || (_| |  ) ) ) )
  '  |____| .__|_| |_|_| |_\__, | / / / /
 =========|_|==============|___/=/_/_/_/
 :: Spring Boot ::                (v3.2.2)

2024-02-26T20:03:50.690+05:30  INFO 93169 --- [    Test worker] com.example.demo.DemoApplicationTests    : Starting DemoApplicationTests using Java 20 with PID 93169 (started by rishiyadav in /Users/rishiyadav/Projects/spring-demo)
2024-02-26T20:03:50.692+05:30  INFO 93169 --- [    Test worker] com.example.demo.DemoApplicationTests    : No active profile set, falling back to 1 default profile: "default"
2024-02-26T20:03:51.835+05:30  INFO 93169 --- [    Test worker] com.example.demo.DemoApplicationTests    : Started DemoApplicationTests in 1.335 seconds (process running for 2.355)
]]></system-out>
  <system-err><![CDATA[]]></system-err>
</testsuite>
